
18096 : 0x5ab518c5b29 : 1 : spill_jit_data :  Jit agent is not initialized
18096 : 0x5ab518c5bc2 : 2 : ittapi_config_mask_get :  --itt-config mask to be applied: 183
18096 : 0x5ab518c5c8b : 2 : ittapi_config_apply_per_lib :  ITTAPI function instrumented: __itt_domain_createA
18096 : 0x5ab518c5cab : 2 : ittapi_config_apply_per_lib :  ITTAPI function instrumented: __itt_domain_createW
18096 : 0x5ab518c5ccc : 2 : ittapi_config_apply_per_lib :  ITTAPI function instrumented: __itt_module_load_with_sections
18096 : 0x5ab518c5cee : 2 : ittapi_config_apply_per_lib :  ITTAPI function not implemented: __itt_module_unload_with_sections
18096 : 0x5ab518c5d0a : 2 : ittapi_config_apply_per_lib :  ITTAPI function instrumented: __itt_string_handle_createA
18096 : 0x5ab518c5d22 : 2 : ittapi_config_apply_per_lib :  ITTAPI function instrumented: __itt_string_handle_createW
18096 : 0x5ab518c5d3c : 2 : ittapi_config_apply_per_lib :  ITTAPI function instrumented: __itt_counter_createA
18096 : 0x5ab518c5d52 : 2 : ittapi_config_apply_per_lib :  ITTAPI function instrumented: __itt_counter_createW
18096 : 0x5ab518c61d6 : 2 : ittapi_config_apply_per_lib :  ITTAPI function instrumented: __itt_counter_create_typedA
18096 : 0x5ab518c61f6 : 2 : ittapi_config_apply_per_lib :  ITTAPI function instrumented: __itt_counter_create_typedW
18096 : 0x5ab518c6212 : 2 : ittapi_config_apply_per_lib :  ITTAPI function instrumented: __itt_pause
18096 : 0x5ab518c622d : 2 : ittapi_config_apply_per_lib :  ITTAPI function instrumented: __itt_resume
18096 : 0x5ab518c6249 : 2 : ittapi_config_apply_per_lib :  ITTAPI function instrumented: __itt_thread_set_nameA
18096 : 0x5ab518c6260 : 2 : ittapi_config_apply_per_lib :  ITTAPI function instrumented: __itt_thread_set_nameW
18096 : 0x5ab518c6278 : 2 : ittapi_config_apply_per_lib :  ITTAPI function instrumented: __itt_thread_ignore
18096 : 0x5ab518c6290 : 2 : ittapi_config_apply_per_lib :  ITTAPI function instrumented: __itt_thr_name_setA
18096 : 0x5ab518c62a8 : 2 : ittapi_config_apply_per_lib :  ITTAPI function instrumented: __itt_thr_name_setW
18096 : 0x5ab518c62bf : 2 : ittapi_config_apply_per_lib :  ITTAPI function instrumented: __itt_thr_ignore
18096 : 0x5ab518c635a : 2 : ittapi_config_apply_per_lib :  ITTAPI function instrumented: __itt_histogram_createA
18096 : 0x5ab518c6373 : 2 : ittapi_config_apply_per_lib :  ITTAPI function instrumented: __itt_histogram_createW
18096 : 0x5ab518c6390 : 2 : ittapi_config_apply_per_lib :  ITTAPI function not implemented: __itt_enable_attach
18096 : 0x5ab518c63a9 : 2 : ittapi_config_apply_per_lib :  ITTAPI function instrumented: __itt_detach
18096 : 0x5ab518c63bc : 2 : ittapi_config_apply_per_lib :  ITTAPI function NOT instrumented (not matched by --itt-config option): __itt_sync_createA

18096 : 0x5ab518c63d9 : 2 : ittapi_config_apply_per_lib :  ITTAPI function NOT instrumented (not matched by --itt-config option): __itt_sync_createW

18096 : 0x5ab518c63f4 : 2 : ittapi_config_apply_per_lib :  ITTAPI function NOT instrumented (not matched by --itt-config option): __itt_sync_renameA

18096 : 0x5ab518c640f : 2 : ittapi_config_apply_per_lib :  ITTAPI function NOT instrumented (not matched by --itt-config option): __itt_sync_renameW

18096 : 0x5ab518c642a : 2 : ittapi_config_apply_per_lib :  ITTAPI function NOT instrumented (not matched by --itt-config option): __itt_sync_destroy

18096 : 0x5ab518c6444 : 2 : ittapi_config_apply_per_lib :  ITTAPI function NOT instrumented (not matched by --itt-config option): __itt_sync_prepare

18096 : 0x5ab518c64ad : 2 : ittapi_config_apply_per_lib :  ITTAPI function NOT instrumented (not matched by --itt-config option): __itt_sync_cancel

18096 : 0x5ab518c64c8 : 2 : ittapi_config_apply_per_lib :  ITTAPI function NOT instrumented (not matched by --itt-config option): __itt_sync_acquired

18096 : 0x5ab518c64e3 : 2 : ittapi_config_apply_per_lib :  ITTAPI function NOT instrumented (not matched by --itt-config option): __itt_sync_releasing

18096 : 0x5ab518c6507 : 2 : ittapi_config_apply_per_lib :  ITTAPI function not implemented: __itt_suppress_push
18096 : 0x5ab518c6521 : 2 : ittapi_config_apply_per_lib :  ITTAPI function not implemented: __itt_suppress_pop
18096 : 0x5ab518c653b : 2 : ittapi_config_apply_per_lib :  ITTAPI function not implemented: __itt_suppress_mark_range
18096 : 0x5ab518c6556 : 2 : ittapi_config_apply_per_lib :  ITTAPI function not implemented: __itt_suppress_clear_range
18096 : 0x5ab518c6569 : 2 : ittapi_config_apply_per_lib :  ITTAPI function NOT instrumented (not matched by --itt-config option): __itt_sync_prepare

18096 : 0x5ab518c6583 : 2 : ittapi_config_apply_per_lib :  ITTAPI function NOT instrumented (not matched by --itt-config option): __itt_sync_cancel

18096 : 0x5ab518c659d : 2 : ittapi_config_apply_per_lib :  ITTAPI function NOT instrumented (not matched by --itt-config option): __itt_sync_acquired

18096 : 0x5ab518c6c34 : 2 : ittapi_config_apply_per_lib :  ITTAPI function NOT instrumented (not matched by --itt-config option): __itt_sync_releasing

18096 : 0x5ab518c6c88 : 2 : ittapi_config_apply_per_lib :  ITTAPI function instrumented: __itt_model_site_begin
18096 : 0x5ab518c6ca2 : 2 : ittapi_config_apply_per_lib :  ITTAPI function instrumented: __itt_model_site_end
18096 : 0x5ab518c6cbb : 2 : ittapi_config_apply_per_lib :  ITTAPI function instrumented: __itt_model_task_begin
18096 : 0x5ab518c6cd5 : 2 : ittapi_config_apply_per_lib :  ITTAPI function instrumented: __itt_model_task_end
18096 : 0x5ab518c6cee : 2 : ittapi_config_apply_per_lib :  ITTAPI function instrumented: __itt_model_lock_acquire
18096 : 0x5ab518c6d08 : 2 : ittapi_config_apply_per_lib :  ITTAPI function instrumented: __itt_model_lock_release
18096 : 0x5ab518c6d27 : 2 : ittapi_config_apply_per_lib :  ITTAPI function not implemented: __itt_model_record_allocation
18096 : 0x5ab518c6d42 : 2 : ittapi_config_apply_per_lib :  ITTAPI function not implemented: __itt_model_record_deallocation
18096 : 0x5ab518c6d5c : 2 : ittapi_config_apply_per_lib :  ITTAPI function not implemented: __itt_model_induction_uses
18096 : 0x5ab518c6df1 : 2 : ittapi_config_apply_per_lib :  ITTAPI function not implemented: __itt_model_reduction_uses
18096 : 0x5ab518c6e0d : 2 : ittapi_config_apply_per_lib :  ITTAPI function not implemented: __itt_model_observe_uses
18096 : 0x5ab518c6e27 : 2 : ittapi_config_apply_per_lib :  ITTAPI function not implemented: __itt_model_clear_uses
18096 : 0x5ab518c6e41 : 2 : ittapi_config_apply_per_lib :  ITTAPI function instrumented: __itt_model_site_beginW
18096 : 0x5ab518c6e59 : 2 : ittapi_config_apply_per_lib :  ITTAPI function instrumented: __itt_model_task_beginW
18096 : 0x5ab518c6e70 : 2 : ittapi_config_apply_per_lib :  ITTAPI function instrumented: __itt_model_iteration_taskW
18096 : 0x5ab518c6e88 : 2 : ittapi_config_apply_per_lib :  ITTAPI function instrumented: __itt_model_site_beginA
18096 : 0x5ab518c6ea0 : 2 : ittapi_config_apply_per_lib :  ITTAPI function instrumented: __itt_model_site_beginAL
18096 : 0x5ab518c6eb8 : 2 : ittapi_config_apply_per_lib :  ITTAPI function instrumented: __itt_model_task_beginA
18096 : 0x5ab518c6ed0 : 2 : ittapi_config_apply_per_lib :  ITTAPI function instrumented: __itt_model_task_beginAL
18096 : 0x5ab518c6f36 : 2 : ittapi_config_apply_per_lib :  ITTAPI function instrumented: __itt_model_iteration_taskA
18096 : 0x5ab518c6f4e : 2 : ittapi_config_apply_per_lib :  ITTAPI function instrumented: __itt_model_iteration_taskAL
18096 : 0x5ab518c6f66 : 2 : ittapi_config_apply_per_lib :  ITTAPI function instrumented: __itt_model_site_end_2
18096 : 0x5ab518c6f7e : 2 : ittapi_config_apply_per_lib :  ITTAPI function instrumented: __itt_model_task_end_2
18096 : 0x5ab518c6f95 : 2 : ittapi_config_apply_per_lib :  ITTAPI function instrumented: __itt_model_lock_acquire_2
18096 : 0x5ab518c6fac : 2 : ittapi_config_apply_per_lib :  ITTAPI function instrumented: __itt_model_lock_release_2
18096 : 0x5ab518c6fc4 : 2 : ittapi_config_apply_per_lib :  ITTAPI function instrumented: __itt_model_aggregate_task
18096 : 0x5ab518c6fdb : 2 : ittapi_config_apply_per_lib :  ITTAPI function instrumented: __itt_model_disable_push
18096 : 0x5ab518c6ff6 : 2 : ittapi_config_apply_per_lib :  ITTAPI function instrumented: __itt_model_disable_pop
18096 : 0x5ab518c700e : 2 : ittapi_config_apply_per_lib :  ITTAPI function instrumented: __itt_heap_function_createA
18096 : 0x5ab518c708d : 2 : ittapi_config_apply_per_lib :  ITTAPI function instrumented: __itt_heap_function_createW
18096 : 0x5ab518c70a7 : 2 : ittapi_config_apply_per_lib :  ITTAPI function instrumented: __itt_heap_allocate_begin
18096 : 0x5ab518c70bf : 2 : ittapi_config_apply_per_lib :  ITTAPI function instrumented: __itt_heap_allocate_end
18096 : 0x5ab518c70d8 : 2 : ittapi_config_apply_per_lib :  ITTAPI function instrumented: __itt_heap_free_begin
18096 : 0x5ab518c70ef : 2 : ittapi_config_apply_per_lib :  ITTAPI function instrumented: __itt_heap_free_end
18096 : 0x5ab518c7107 : 2 : ittapi_config_apply_per_lib :  ITTAPI function instrumented: __itt_heap_reallocate_begin
18096 : 0x5ab518c7122 : 2 : ittapi_config_apply_per_lib :  ITTAPI function instrumented: __itt_heap_reallocate_end
18096 : 0x5ab518c713d : 2 : ittapi_config_apply_per_lib :  ITTAPI function not implemented: __itt_heap_internal_access_begin
18096 : 0x5ab518c7157 : 2 : ittapi_config_apply_per_lib :  ITTAPI function not implemented: __itt_heap_internal_access_end
18096 : 0x5ab518c7171 : 2 : ittapi_config_apply_per_lib :  ITTAPI function not implemented: __itt_heap_record_memory_growth_begin
18096 : 0x5ab518c71eb : 2 : ittapi_config_apply_per_lib :  ITTAPI function not implemented: __itt_heap_record_memory_growth_end
18096 : 0x5ab518c7208 : 2 : ittapi_config_apply_per_lib :  ITTAPI function not implemented: __itt_heap_reset_detection
18096 : 0x5ab518c7221 : 2 : ittapi_config_apply_per_lib :  ITTAPI function not implemented: __itt_heap_record
18096 : 0x5ab518c723a : 2 : ittapi_config_apply_per_lib :  ITTAPI function not implemented: __itt_id_create
18096 : 0x5ab518c7255 : 2 : ittapi_config_apply_per_lib :  ITTAPI function not implemented: __itt_id_destroy
18096 : 0x5ab518c726d : 2 : ittapi_config_apply_per_lib :  ITTAPI function instrumented: __itt_get_timestamp
18096 : 0x5ab518c7286 : 2 : ittapi_config_apply_per_lib :  ITTAPI function not implemented: __itt_region_begin
18096 : 0x5ab518c729f : 2 : ittapi_config_apply_per_lib :  ITTAPI function not implemented: __itt_region_end
18096 : 0x5ab518c72b8 : 2 : ittapi_config_apply_per_lib :  ITTAPI function instrumented: __itt_frame_begin_v3
18096 : 0x5ab518c72d0 : 2 : ittapi_config_apply_per_lib :  ITTAPI function instrumented: __itt_frame_end_v3
18096 : 0x5ab518c7336 : 2 : ittapi_config_apply_per_lib :  ITTAPI function instrumented: __itt_frame_submit_v3
18096 : 0x5ab518c7351 : 2 : ittapi_config_apply_per_lib :  ITTAPI function not implemented: __itt_task_group
18096 : 0x5ab518c736b : 2 : ittapi_config_apply_per_lib :  ITTAPI function instrumented: __itt_task_begin
18096 : 0x5ab518c7383 : 2 : ittapi_config_apply_per_lib :  ITTAPI function instrumented: __itt_task_begin_fn
18096 : 0x5ab518c739b : 2 : ittapi_config_apply_per_lib :  ITTAPI function instrumented: __itt_task_end
18096 : 0x5ab518c73b6 : 2 : ittapi_config_apply_per_lib :  ITTAPI function not implemented: __itt_counter_inc_v3
18096 : 0x5ab518c73d0 : 2 : ittapi_config_apply_per_lib :  ITTAPI function not implemented: __itt_counter_inc_delta_v3
18096 : 0x5ab518c73ea : 2 : ittapi_config_apply_per_lib :  ITTAPI function not implemented: __itt_counter_dec_v3
18096 : 0x5ab518c7404 : 2 : ittapi_config_apply_per_lib :  ITTAPI function not implemented: __itt_counter_dec_delta_v3
18096 : 0x5ab518c74ac : 2 : ittapi_config_apply_per_lib :  ITTAPI function not implemented: __itt_marker
18096 : 0x5ab518c7511 : 2 : ittapi_config_apply_per_lib :  ITTAPI function instrumented: __itt_metadata_add
18096 : 0x5ab518c752a : 2 : ittapi_config_apply_per_lib :  ITTAPI function not implemented: __itt_metadata_str_addA
18096 : 0x5ab518c7543 : 2 : ittapi_config_apply_per_lib :  ITTAPI function not implemented: __itt_metadata_str_addW
18096 : 0x5ab518c755b : 2 : ittapi_config_apply_per_lib :  ITTAPI function not implemented: __itt_relation_add_to_current
18096 : 0x5ab518c7573 : 2 : ittapi_config_apply_per_lib :  ITTAPI function not implemented: __itt_relation_add
18096 : 0x5ab518c758a : 2 : ittapi_config_apply_per_lib :  ITTAPI function instrumented: __itt_event_createA
18096 : 0x5ab518c75a0 : 2 : ittapi_config_apply_per_lib :  ITTAPI function instrumented: __itt_event_createW
18096 : 0x5ab518c75b7 : 2 : ittapi_config_apply_per_lib :  ITTAPI function instrumented: __itt_event_start
18096 : 0x5ab518c75cf : 2 : ittapi_config_apply_per_lib :  ITTAPI function instrumented: __itt_event_end
18096 : 0x5ab518c75e2 : 2 : ittapi_config_apply_per_lib :  ITTAPI function NOT instrumented (not matched by --itt-config option): __itt_sync_set_nameA

18096 : 0x5ab518c765a : 2 : ittapi_config_apply_per_lib :  ITTAPI function NOT instrumented (not matched by --itt-config option): __itt_sync_set_nameW

18096 : 0x5ab518c7676 : 2 : ittapi_config_apply_per_lib :  ITTAPI function NOT instrumented (not matched by --itt-config option): __itt_notify_sync_nameA

18096 : 0x5ab518c7690 : 2 : ittapi_config_apply_per_lib :  ITTAPI function NOT instrumented (not matched by --itt-config option): __itt_notify_sync_nameW

18096 : 0x5ab518c76a9 : 2 : ittapi_config_apply_per_lib :  ITTAPI function NOT instrumented (not matched by --itt-config option): __itt_notify_sync_prepare

18096 : 0x5ab518c76c3 : 2 : ittapi_config_apply_per_lib :  ITTAPI function NOT instrumented (not matched by --itt-config option): __itt_notify_sync_cancel

18096 : 0x5ab518c76dd : 2 : ittapi_config_apply_per_lib :  ITTAPI function NOT instrumented (not matched by --itt-config option): __itt_notify_sync_acquired

18096 : 0x5ab518c76f6 : 2 : ittapi_config_apply_per_lib :  ITTAPI function NOT instrumented (not matched by --itt-config option): __itt_notify_sync_releasing

18096 : 0x5ab518c7719 : 2 : ittapi_config_apply_per_lib :  ITTAPI function not implemented: __itt_memory_read
18096 : 0x5ab518c7732 : 2 : ittapi_config_apply_per_lib :  ITTAPI function not implemented: __itt_memory_write
18096 : 0x5ab518c774a : 2 : ittapi_config_apply_per_lib :  ITTAPI function not implemented: __itt_memory_update
18096 : 0x5ab518c77bd : 2 : ittapi_config_apply_per_lib :  ITTAPI function not implemented: __itt_state_get
18096 : 0x5ab518c77d7 : 2 : ittapi_config_apply_per_lib :  ITTAPI function not implemented: __itt_state_set
18096 : 0x5ab518c77ef : 2 : ittapi_config_apply_per_lib :  ITTAPI function not implemented: __itt_obj_mode_set
18096 : 0x5ab518c7809 : 2 : ittapi_config_apply_per_lib :  ITTAPI function not implemented: __itt_thr_mode_set
18096 : 0x5ab518c7820 : 2 : ittapi_config_apply_per_lib :  ITTAPI function instrumented: __itt_frame_createA
18096 : 0x5ab518c7836 : 2 : ittapi_config_apply_per_lib :  ITTAPI function instrumented: __itt_frame_createW
18096 : 0x5ab518c784d : 2 : ittapi_config_apply_per_lib :  ITTAPI function instrumented: __itt_pt_region_createA
18096 : 0x5ab518c7863 : 2 : ittapi_config_apply_per_lib :  ITTAPI function instrumented: __itt_pt_region_createW
18096 : 0x5ab518c7879 : 2 : ittapi_config_apply_per_lib :  ITTAPI function instrumented: __itt_frame_begin
18096 : 0x5ab518c7891 : 2 : ittapi_config_apply_per_lib :  ITTAPI function instrumented: __itt_frame_end
18096 : 0x5ab518c78f3 : 2 : ittapi_config_apply_per_lib :  ITTAPI function not implemented: __itt_counter_destroy
18096 : 0x5ab518c790b : 2 : ittapi_config_apply_per_lib :  ITTAPI function instrumented: __itt_counter_inc
18096 : 0x5ab518c7922 : 2 : ittapi_config_apply_per_lib :  ITTAPI function instrumented: __itt_counter_inc_delta
18096 : 0x5ab518c793a : 2 : ittapi_config_apply_per_lib :  ITTAPI function instrumented: __itt_counter_dec
18096 : 0x5ab518c7951 : 2 : ittapi_config_apply_per_lib :  ITTAPI function instrumented: __itt_counter_dec_delta
18096 : 0x5ab518c7968 : 2 : ittapi_config_apply_per_lib :  ITTAPI function instrumented: __itt_counter_set_value
18096 : 0x5ab518c797f : 2 : ittapi_config_apply_per_lib :  ITTAPI function not implemented: __itt_counter_set_value_ex
18096 : 0x5ab518c7997 : 2 : ittapi_config_apply_per_lib :  ITTAPI function not implemented: __itt_mark_createA
18096 : 0x5ab518c79ae : 2 : ittapi_config_apply_per_lib :  ITTAPI function not implemented: __itt_mark_createW
18096 : 0x5ab518c79c6 : 2 : ittapi_config_apply_per_lib :  ITTAPI function not implemented: __itt_markA
18096 : 0x5ab518c7c9f : 2 : ittapi_config_apply_per_lib :  ITTAPI function not implemented: __itt_markW
18096 : 0x5ab518c7cbb : 2 : ittapi_config_apply_per_lib :  ITTAPI function not implemented: __itt_mark_off
18096 : 0x5ab518c7cd5 : 2 : ittapi_config_apply_per_lib :  ITTAPI function not implemented: __itt_mark_globalA
18096 : 0x5ab518c7cee : 2 : ittapi_config_apply_per_lib :  ITTAPI function not implemented: __itt_mark_globalW
18096 : 0x5ab518c7d06 : 2 : ittapi_config_apply_per_lib :  ITTAPI function not implemented: __itt_mark_global_off
18096 : 0x5ab518c7d22 : 2 : ittapi_config_apply_per_lib :  ITTAPI function instrumented: __itt_stack_caller_create
18096 : 0x5ab518c7d3b : 2 : ittapi_config_apply_per_lib :  ITTAPI function instrumented: __itt_stack_caller_destroy
18096 : 0x5ab518c7d53 : 2 : ittapi_config_apply_per_lib :  ITTAPI function instrumented: __itt_stack_callee_enter
18096 : 0x5ab518c7d6c : 2 : ittapi_config_apply_per_lib :  ITTAPI function instrumented: __itt_stack_callee_leave
18096 : 0x5ab518c7d85 : 2 : ittapi_config_apply_per_lib :  ITTAPI function not implemented: __itt_clock_domain_create
18096 : 0x5ab518c7e9b : 2 : ittapi_config_apply_per_lib :  ITTAPI function not implemented: __itt_clock_domain_reset
18096 : 0x5ab518c7eb4 : 2 : ittapi_config_apply_per_lib :  ITTAPI function not implemented: __itt_id_create_ex
18096 : 0x5ab518c7ecc : 2 : ittapi_config_apply_per_lib :  ITTAPI function not implemented: __itt_id_destroy_ex
18096 : 0x5ab518c7ee5 : 2 : ittapi_config_apply_per_lib :  ITTAPI function not implemented: __itt_task_begin_ex
18096 : 0x5ab518c7efe : 2 : ittapi_config_apply_per_lib :  ITTAPI function not implemented: __itt_task_begin_fn_ex
18096 : 0x5ab518c7f17 : 2 : ittapi_config_apply_per_lib :  ITTAPI function not implemented: __itt_task_end_ex
18096 : 0x5ab518c7f30 : 2 : ittapi_config_apply_per_lib :  ITTAPI function instrumented: __itt_task_begin_overlapped
18096 : 0x5ab518c7f48 : 2 : ittapi_config_apply_per_lib :  ITTAPI function not implemented: __itt_task_begin_overlapped_ex
18096 : 0x5ab518c7f5f : 2 : ittapi_config_apply_per_lib :  ITTAPI function instrumented: __itt_task_end_overlapped
18096 : 0x5ab518c7f78 : 2 : ittapi_config_apply_per_lib :  ITTAPI function not implemented: __itt_task_end_overlapped_ex
18096 : 0x5ab518c7fdd : 2 : ittapi_config_apply_per_lib :  ITTAPI function not implemented: __itt_marker_ex
18096 : 0x5ab518c7ff7 : 2 : ittapi_config_apply_per_lib :  ITTAPI function not implemented: __itt_metadata_add_with_scope
18096 : 0x5ab518c8010 : 2 : ittapi_config_apply_per_lib :  ITTAPI function not implemented: __itt_metadata_str_add_with_scopeA
18096 : 0x5ab518c8029 : 2 : ittapi_config_apply_per_lib :  ITTAPI function not implemented: __itt_metadata_str_add_with_scopeW
18096 : 0x5ab518c8043 : 2 : ittapi_config_apply_per_lib :  ITTAPI function not implemented: __itt_relation_add_to_current_ex
18096 : 0x5ab518c805a : 2 : ittapi_config_apply_per_lib :  ITTAPI function not implemented: __itt_relation_add_ex
18096 : 0x5ab518c8072 : 2 : ittapi_config_apply_per_lib :  ITTAPI function not implemented: __itt_track_group_create
18096 : 0x5ab518c808a : 2 : ittapi_config_apply_per_lib :  ITTAPI function not implemented: __itt_track_create
18096 : 0x5ab518c80a2 : 2 : ittapi_config_apply_per_lib :  ITTAPI function not implemented: __itt_set_track
18096 : 0x5ab518c80b9 : 2 : ittapi_config_apply_per_lib :  ITTAPI function instrumented: __itt_api_version
18096 : 0x5ab518c811a : 2 : ittapi_config_apply_per_lib :  ITTAPI function not implemented: __itt_av_saveA
18096 : 0x5ab518c8132 : 2 : ittapi_config_apply_per_lib :  ITTAPI function not implemented: __itt_av_saveW
18096 : 0x5ab518c814a : 2 : ittapi_config_apply_per_lib :  ITTAPI function instrumented: __itt_module_loadA
18096 : 0x5ab518c8164 : 2 : ittapi_config_apply_per_lib :  ITTAPI function instrumented: __itt_module_loadW
18096 : 0x5ab518c817c : 2 : ittapi_config_apply_per_lib :  ITTAPI function not implemented: __itt_module_unload
18096 : 0x5ab518c818f : 2 : ittapi_config_apply_per_lib :  ITTAPI function NOT instrumented (not matched by --itt-config option): __itt_histogram_submit

18096 : 0x5ab518d190d : 2 : ittapi_config_mask_get :  --itt-config mask to be applied: 183
18096 : 0x5ab518d1946 : 2 : ittapi_config_apply_per_lib :  ITTAPI function instrumented: __itt_domain_createA
18096 : 0x5ab518d1962 : 2 : ittapi_config_apply_per_lib :  ITTAPI function instrumented: __itt_domain_createW
18096 : 0x5ab518d197f : 2 : ittapi_config_apply_per_lib :  ITTAPI function instrumented: __itt_module_load_with_sections
18096 : 0x5ab518d1cf6 : 2 : ittapi_config_apply_per_lib :  ITTAPI function not implemented: __itt_module_unload_with_sections
18096 : 0x5ab518d1d17 : 2 : ittapi_config_apply_per_lib :  ITTAPI function instrumented: __itt_string_handle_createA
18096 : 0x5ab518d1d30 : 2 : ittapi_config_apply_per_lib :  ITTAPI function instrumented: __itt_string_handle_createW
18096 : 0x5ab518d1d48 : 2 : ittapi_config_apply_per_lib :  ITTAPI function instrumented: __itt_counter_createA
18096 : 0x5ab518d1d5f : 2 : ittapi_config_apply_per_lib :  ITTAPI function instrumented: __itt_counter_createW
18096 : 0x5ab518d1d76 : 2 : ittapi_config_apply_per_lib :  ITTAPI function instrumented: __itt_counter_create_typedA
18096 : 0x5ab518d1d8c : 2 : ittapi_config_apply_per_lib :  ITTAPI function instrumented: __itt_counter_create_typedW
18096 : 0x5ab518d1da6 : 2 : ittapi_config_apply_per_lib :  ITTAPI function instrumented: __itt_pause
18096 : 0x5ab518d1dbd : 2 : ittapi_config_apply_per_lib :  ITTAPI function instrumented: __itt_resume
18096 : 0x5ab518d1dd6 : 2 : ittapi_config_apply_per_lib :  ITTAPI function instrumented: __itt_thread_set_nameA
18096 : 0x5ab518d1e68 : 2 : ittapi_config_apply_per_lib :  ITTAPI function instrumented: __itt_thread_set_nameW
18096 : 0x5ab518d1e80 : 2 : ittapi_config_apply_per_lib :  ITTAPI function instrumented: __itt_thread_ignore
18096 : 0x5ab518d1e98 : 2 : ittapi_config_apply_per_lib :  ITTAPI function instrumented: __itt_thr_name_setA
18096 : 0x5ab518d1eaf : 2 : ittapi_config_apply_per_lib :  ITTAPI function instrumented: __itt_thr_name_setW
18096 : 0x5ab518d1ec7 : 2 : ittapi_config_apply_per_lib :  ITTAPI function instrumented: __itt_thr_ignore
18096 : 0x5ab518d1ee0 : 2 : ittapi_config_apply_per_lib :  ITTAPI function not implemented: __itt_enable_attach
18096 : 0x5ab518d1ef8 : 2 : ittapi_config_apply_per_lib :  ITTAPI function instrumented: __itt_detach
18096 : 0x5ab518d1f0a : 2 : ittapi_config_apply_per_lib :  ITTAPI function NOT instrumented (not matched by --itt-config option): __itt_sync_createA

18096 : 0x5ab518d1f26 : 2 : ittapi_config_apply_per_lib :  ITTAPI function NOT instrumented (not matched by --itt-config option): __itt_sync_createW

18096 : 0x5ab518d1f40 : 2 : ittapi_config_apply_per_lib :  ITTAPI function NOT instrumented (not matched by --itt-config option): __itt_sync_renameA

18096 : 0x5ab518d1fa5 : 2 : ittapi_config_apply_per_lib :  ITTAPI function NOT instrumented (not matched by --itt-config option): __itt_sync_renameW

18096 : 0x5ab518d1fc1 : 2 : ittapi_config_apply_per_lib :  ITTAPI function NOT instrumented (not matched by --itt-config option): __itt_sync_destroy

18096 : 0x5ab518d1fd9 : 2 : ittapi_config_apply_per_lib :  ITTAPI function NOT instrumented (not matched by --itt-config option): __itt_sync_prepare

18096 : 0x5ab518d1ff3 : 2 : ittapi_config_apply_per_lib :  ITTAPI function NOT instrumented (not matched by --itt-config option): __itt_sync_cancel

18096 : 0x5ab518d200c : 2 : ittapi_config_apply_per_lib :  ITTAPI function NOT instrumented (not matched by --itt-config option): __itt_sync_acquired

18096 : 0x5ab518d2027 : 2 : ittapi_config_apply_per_lib :  ITTAPI function NOT instrumented (not matched by --itt-config option): __itt_sync_releasing

18096 : 0x5ab518d204a : 2 : ittapi_config_apply_per_lib :  ITTAPI function not implemented: __itt_suppress_push
18096 : 0x5ab518d2064 : 2 : ittapi_config_apply_per_lib :  ITTAPI function not implemented: __itt_suppress_pop
18096 : 0x5ab518d207d : 2 : ittapi_config_apply_per_lib :  ITTAPI function not implemented: __itt_suppress_mark_range
18096 : 0x5ab518d2097 : 2 : ittapi_config_apply_per_lib :  ITTAPI function not implemented: __itt_suppress_clear_range
18096 : 0x5ab518d210a : 2 : ittapi_config_apply_per_lib :  ITTAPI function NOT instrumented (not matched by --itt-config option): __itt_sync_prepare

18096 : 0x5ab518d2125 : 2 : ittapi_config_apply_per_lib :  ITTAPI function NOT instrumented (not matched by --itt-config option): __itt_sync_cancel

18096 : 0x5ab518d213e : 2 : ittapi_config_apply_per_lib :  ITTAPI function NOT instrumented (not matched by --itt-config option): __itt_sync_acquired

18096 : 0x5ab518d2158 : 2 : ittapi_config_apply_per_lib :  ITTAPI function NOT instrumented (not matched by --itt-config option): __itt_sync_releasing

18096 : 0x5ab518d217c : 2 : ittapi_config_apply_per_lib :  ITTAPI function instrumented: __itt_model_site_begin
18096 : 0x5ab518d2194 : 2 : ittapi_config_apply_per_lib :  ITTAPI function instrumented: __itt_model_site_end
18096 : 0x5ab518d2273 : 2 : ittapi_config_apply_per_lib :  ITTAPI function instrumented: __itt_model_task_begin
18096 : 0x5ab518d228e : 2 : ittapi_config_apply_per_lib :  ITTAPI function instrumented: __itt_model_task_end
18096 : 0x5ab518d22a7 : 2 : ittapi_config_apply_per_lib :  ITTAPI function instrumented: __itt_model_lock_acquire
18096 : 0x5ab518d22c1 : 2 : ittapi_config_apply_per_lib :  ITTAPI function instrumented: __itt_model_lock_release
18096 : 0x5ab518d2344 : 2 : ittapi_config_apply_per_lib :  ITTAPI function not implemented: __itt_model_record_allocation
18096 : 0x5ab518d235f : 2 : ittapi_config_apply_per_lib :  ITTAPI function not implemented: __itt_model_record_deallocation
18096 : 0x5ab518d237a : 2 : ittapi_config_apply_per_lib :  ITTAPI function not implemented: __itt_model_induction_uses
18096 : 0x5ab518d2393 : 2 : ittapi_config_apply_per_lib :  ITTAPI function not implemented: __itt_model_reduction_uses
18096 : 0x5ab518d23ac : 2 : ittapi_config_apply_per_lib :  ITTAPI function not implemented: __itt_model_observe_uses
18096 : 0x5ab518d23c7 : 2 : ittapi_config_apply_per_lib :  ITTAPI function not implemented: __itt_model_clear_uses
18096 : 0x5ab518d23e1 : 2 : ittapi_config_apply_per_lib :  ITTAPI function instrumented: __itt_model_site_beginW
18096 : 0x5ab518d23f9 : 2 : ittapi_config_apply_per_lib :  ITTAPI function instrumented: __itt_model_task_beginW
18096 : 0x5ab518d2412 : 2 : ittapi_config_apply_per_lib :  ITTAPI function instrumented: __itt_model_iteration_taskW
18096 : 0x5ab518d2429 : 2 : ittapi_config_apply_per_lib :  ITTAPI function instrumented: __itt_model_site_beginA
18096 : 0x5ab518d2490 : 2 : ittapi_config_apply_per_lib :  ITTAPI function instrumented: __itt_model_site_beginAL
18096 : 0x5ab518d24a8 : 2 : ittapi_config_apply_per_lib :  ITTAPI function instrumented: __itt_model_task_beginA
18096 : 0x5ab518d24bf : 2 : ittapi_config_apply_per_lib :  ITTAPI function instrumented: __itt_model_task_beginAL
18096 : 0x5ab518d24d8 : 2 : ittapi_config_apply_per_lib :  ITTAPI function instrumented: __itt_model_iteration_taskA
18096 : 0x5ab518d24f0 : 2 : ittapi_config_apply_per_lib :  ITTAPI function instrumented: __itt_model_iteration_taskAL
18096 : 0x5ab518d2508 : 2 : ittapi_config_apply_per_lib :  ITTAPI function instrumented: __itt_model_site_end_2
18096 : 0x5ab518d2520 : 2 : ittapi_config_apply_per_lib :  ITTAPI function instrumented: __itt_model_task_end_2
18096 : 0x5ab518d2538 : 2 : ittapi_config_apply_per_lib :  ITTAPI function instrumented: __itt_model_lock_acquire_2
18096 : 0x5ab518d2550 : 2 : ittapi_config_apply_per_lib :  ITTAPI function instrumented: __itt_model_lock_release_2
18096 : 0x5ab518d2567 : 2 : ittapi_config_apply_per_lib :  ITTAPI function instrumented: __itt_model_aggregate_task
18096 : 0x5ab518d25c9 : 2 : ittapi_config_apply_per_lib :  ITTAPI function instrumented: __itt_model_disable_push
18096 : 0x5ab518d25e1 : 2 : ittapi_config_apply_per_lib :  ITTAPI function instrumented: __itt_model_disable_pop
18096 : 0x5ab518d25f9 : 2 : ittapi_config_apply_per_lib :  ITTAPI function instrumented: __itt_heap_function_createA
18096 : 0x5ab518d2611 : 2 : ittapi_config_apply_per_lib :  ITTAPI function instrumented: __itt_heap_function_createW
18096 : 0x5ab518d262b : 2 : ittapi_config_apply_per_lib :  ITTAPI function instrumented: __itt_heap_allocate_begin
18096 : 0x5ab518d2643 : 2 : ittapi_config_apply_per_lib :  ITTAPI function instrumented: __itt_heap_allocate_end
18096 : 0x5ab518d265c : 2 : ittapi_config_apply_per_lib :  ITTAPI function instrumented: __itt_heap_free_begin
18096 : 0x5ab518d2673 : 2 : ittapi_config_apply_per_lib :  ITTAPI function instrumented: __itt_heap_free_end
18096 : 0x5ab518d268b : 2 : ittapi_config_apply_per_lib :  ITTAPI function instrumented: __itt_heap_reallocate_begin
18096 : 0x5ab518d26a4 : 2 : ittapi_config_apply_per_lib :  ITTAPI function instrumented: __itt_heap_reallocate_end
18096 : 0x5ab518d2724 : 2 : ittapi_config_apply_per_lib :  ITTAPI function not implemented: __itt_heap_internal_access_begin
18096 : 0x5ab518d273e : 2 : ittapi_config_apply_per_lib :  ITTAPI function not implemented: __itt_heap_internal_access_end
18096 : 0x5ab518d2758 : 2 : ittapi_config_apply_per_lib :  ITTAPI function not implemented: __itt_heap_record_memory_growth_begin
18096 : 0x5ab518d2774 : 2 : ittapi_config_apply_per_lib :  ITTAPI function not implemented: __itt_heap_record_memory_growth_end
18096 : 0x5ab518d278e : 2 : ittapi_config_apply_per_lib :  ITTAPI function not implemented: __itt_heap_reset_detection
18096 : 0x5ab518d27a7 : 2 : ittapi_config_apply_per_lib :  ITTAPI function not implemented: __itt_heap_record
18096 : 0x5ab518d27c0 : 2 : ittapi_config_apply_per_lib :  ITTAPI function not implemented: __itt_id_create
18096 : 0x5ab518d27da : 2 : ittapi_config_apply_per_lib :  ITTAPI function not implemented: __itt_id_destroy
18096 : 0x5ab518d27f2 : 2 : ittapi_config_apply_per_lib :  ITTAPI function instrumented: __itt_get_timestamp
18096 : 0x5ab518d280c : 2 : ittapi_config_apply_per_lib :  ITTAPI function not implemented: __itt_region_begin
18096 : 0x5ab518d2884 : 2 : ittapi_config_apply_per_lib :  ITTAPI function not implemented: __itt_region_end
18096 : 0x5ab518d289f : 2 : ittapi_config_apply_per_lib :  ITTAPI function instrumented: __itt_frame_begin_v3
18096 : 0x5ab518d28b8 : 2 : ittapi_config_apply_per_lib :  ITTAPI function instrumented: __itt_frame_end_v3
18096 : 0x5ab518d28d1 : 2 : ittapi_config_apply_per_lib :  ITTAPI function instrumented: __itt_frame_submit_v3
18096 : 0x5ab518d28eb : 2 : ittapi_config_apply_per_lib :  ITTAPI function not implemented: __itt_task_group
18096 : 0x5ab518d2905 : 2 : ittapi_config_apply_per_lib :  ITTAPI function instrumented: __itt_task_begin
18096 : 0x5ab518d291d : 2 : ittapi_config_apply_per_lib :  ITTAPI function instrumented: __itt_task_begin_fn
18096 : 0x5ab518d2935 : 2 : ittapi_config_apply_per_lib :  ITTAPI function instrumented: __itt_task_end
18096 : 0x5ab518d2950 : 2 : ittapi_config_apply_per_lib :  ITTAPI function not implemented: __itt_counter_inc_v3
18096 : 0x5ab518d296b : 2 : ittapi_config_apply_per_lib :  ITTAPI function not implemented: __itt_counter_inc_delta_v3
18096 : 0x5ab518d29d3 : 2 : ittapi_config_apply_per_lib :  ITTAPI function not implemented: __itt_counter_dec_v3
18096 : 0x5ab518d29ee : 2 : ittapi_config_apply_per_lib :  ITTAPI function not implemented: __itt_counter_dec_delta_v3
18096 : 0x5ab518d2a08 : 2 : ittapi_config_apply_per_lib :  ITTAPI function not implemented: __itt_marker
18096 : 0x5ab518d2a22 : 2 : ittapi_config_apply_per_lib :  ITTAPI function instrumented: __itt_metadata_add
18096 : 0x5ab518d2a3c : 2 : ittapi_config_apply_per_lib :  ITTAPI function not implemented: __itt_metadata_str_addA
18096 : 0x5ab518d2a55 : 2 : ittapi_config_apply_per_lib :  ITTAPI function not implemented: __itt_metadata_str_addW
18096 : 0x5ab518d2a6f : 2 : ittapi_config_apply_per_lib :  ITTAPI function not implemented: __itt_relation_add_to_current
18096 : 0x5ab518d2a89 : 2 : ittapi_config_apply_per_lib :  ITTAPI function not implemented: __itt_relation_add
18096 : 0x5ab518d2aa2 : 2 : ittapi_config_apply_per_lib :  ITTAPI function instrumented: __itt_event_createA
18096 : 0x5ab518d2ab8 : 2 : ittapi_config_apply_per_lib :  ITTAPI function instrumented: __itt_event_createW
18096 : 0x5ab518d2b34 : 2 : ittapi_config_apply_per_lib :  ITTAPI function instrumented: __itt_event_start
18096 : 0x5ab518d2b4d : 2 : ittapi_config_apply_per_lib :  ITTAPI function instrumented: __itt_event_end
18096 : 0x5ab518d2b5f : 2 : ittapi_config_apply_per_lib :  ITTAPI function NOT instrumented (not matched by --itt-config option): __itt_sync_set_nameA

18096 : 0x5ab518d2b7a : 2 : ittapi_config_apply_per_lib :  ITTAPI function NOT instrumented (not matched by --itt-config option): __itt_sync_set_nameW

18096 : 0x5ab518d2b95 : 2 : ittapi_config_apply_per_lib :  ITTAPI function NOT instrumented (not matched by --itt-config option): __itt_notify_sync_nameA

18096 : 0x5ab518d2bb0 : 2 : ittapi_config_apply_per_lib :  ITTAPI function NOT instrumented (not matched by --itt-config option): __itt_notify_sync_nameW

18096 : 0x5ab518d2bcb : 2 : ittapi_config_apply_per_lib :  ITTAPI function NOT instrumented (not matched by --itt-config option): __itt_notify_sync_prepare

18096 : 0x5ab518d2be6 : 2 : ittapi_config_apply_per_lib :  ITTAPI function NOT instrumented (not matched by --itt-config option): __itt_notify_sync_cancel

18096 : 0x5ab518d2c01 : 2 : ittapi_config_apply_per_lib :  ITTAPI function NOT instrumented (not matched by --itt-config option): __itt_notify_sync_acquired

18096 : 0x5ab518d2c1c : 2 : ittapi_config_apply_per_lib :  ITTAPI function NOT instrumented (not matched by --itt-config option): __itt_notify_sync_releasing

18096 : 0x5ab518d2c9c : 2 : ittapi_config_apply_per_lib :  ITTAPI function not implemented: __itt_memory_read
18096 : 0x5ab518d2cb6 : 2 : ittapi_config_apply_per_lib :  ITTAPI function not implemented: __itt_memory_write
18096 : 0x5ab518d2cd0 : 2 : ittapi_config_apply_per_lib :  ITTAPI function not implemented: __itt_memory_update
18096 : 0x5ab518d2cec : 2 : ittapi_config_apply_per_lib :  ITTAPI function not implemented: __itt_state_get
18096 : 0x5ab518d2d05 : 2 : ittapi_config_apply_per_lib :  ITTAPI function not implemented: __itt_state_set
18096 : 0x5ab518d2d34 : 2 : ittapi_config_apply_per_lib :  ITTAPI function not implemented: __itt_obj_mode_set
18096 : 0x5ab518d2d4e : 2 : ittapi_config_apply_per_lib :  ITTAPI function not implemented: __itt_thr_mode_set
18096 : 0x5ab518d2d67 : 2 : ittapi_config_apply_per_lib :  ITTAPI function instrumented: __itt_frame_createA
18096 : 0x5ab518d2d7d : 2 : ittapi_config_apply_per_lib :  ITTAPI function instrumented: __itt_frame_createW
18096 : 0x5ab518d2d96 : 2 : ittapi_config_apply_per_lib :  ITTAPI function instrumented: __itt_pt_region_createA
18096 : 0x5ab518d2dfd : 2 : ittapi_config_apply_per_lib :  ITTAPI function instrumented: __itt_pt_region_createW
18096 : 0x5ab518d2e16 : 2 : ittapi_config_apply_per_lib :  ITTAPI function instrumented: __itt_frame_begin
18096 : 0x5ab518d2e2e : 2 : ittapi_config_apply_per_lib :  ITTAPI function instrumented: __itt_frame_end
18096 : 0x5ab518d2e49 : 2 : ittapi_config_apply_per_lib :  ITTAPI function not implemented: __itt_counter_destroy
18096 : 0x5ab518d2e61 : 2 : ittapi_config_apply_per_lib :  ITTAPI function instrumented: __itt_counter_inc
18096 : 0x5ab518d2e79 : 2 : ittapi_config_apply_per_lib :  ITTAPI function instrumented: __itt_counter_inc_delta
18096 : 0x5ab518d2e91 : 2 : ittapi_config_apply_per_lib :  ITTAPI function instrumented: __itt_counter_dec
18096 : 0x5ab518d2ea9 : 2 : ittapi_config_apply_per_lib :  ITTAPI function instrumented: __itt_counter_dec_delta
18096 : 0x5ab518d2ec2 : 2 : ittapi_config_apply_per_lib :  ITTAPI function instrumented: __itt_counter_set_value
18096 : 0x5ab518d2edb : 2 : ittapi_config_apply_per_lib :  ITTAPI function not implemented: __itt_counter_set_value_ex
18096 : 0x5ab518d2f40 : 2 : ittapi_config_apply_per_lib :  ITTAPI function not implemented: __itt_mark_createA
18096 : 0x5ab518d2f59 : 2 : ittapi_config_apply_per_lib :  ITTAPI function not implemented: __itt_mark_createW
18096 : 0x5ab518d2f71 : 2 : ittapi_config_apply_per_lib :  ITTAPI function not implemented: __itt_markA
18096 : 0x5ab518d2f8a : 2 : ittapi_config_apply_per_lib :  ITTAPI function not implemented: __itt_markW
18096 : 0x5ab518d2fa4 : 2 : ittapi_config_apply_per_lib :  ITTAPI function not implemented: __itt_mark_off
18096 : 0x5ab518d2fbc : 2 : ittapi_config_apply_per_lib :  ITTAPI function not implemented: __itt_mark_globalA
18096 : 0x5ab518d2fd6 : 2 : ittapi_config_apply_per_lib :  ITTAPI function not implemented: __itt_mark_globalW
18096 : 0x5ab518d2ff0 : 2 : ittapi_config_apply_per_lib :  ITTAPI function not implemented: __itt_mark_global_off
18096 : 0x5ab518d300a : 2 : ittapi_config_apply_per_lib :  ITTAPI function instrumented: __itt_stack_caller_create
18096 : 0x5ab518d3023 : 2 : ittapi_config_apply_per_lib :  ITTAPI function instrumented: __itt_stack_caller_destroy
18096 : 0x5ab518d309f : 2 : ittapi_config_apply_per_lib :  ITTAPI function instrumented: __itt_stack_callee_enter
18096 : 0x5ab518d30b9 : 2 : ittapi_config_apply_per_lib :  ITTAPI function instrumented: __itt_stack_callee_leave
18096 : 0x5ab518d30d2 : 2 : ittapi_config_apply_per_lib :  ITTAPI function not implemented: __itt_clock_domain_create
18096 : 0x5ab518d30eb : 2 : ittapi_config_apply_per_lib :  ITTAPI function not implemented: __itt_clock_domain_reset
18096 : 0x5ab518d3104 : 2 : ittapi_config_apply_per_lib :  ITTAPI function not implemented: __itt_id_create_ex
18096 : 0x5ab518d311e : 2 : ittapi_config_apply_per_lib :  ITTAPI function not implemented: __itt_id_destroy_ex
18096 : 0x5ab518d3139 : 2 : ittapi_config_apply_per_lib :  ITTAPI function not implemented: __itt_task_begin_ex
18096 : 0x5ab518d3153 : 2 : ittapi_config_apply_per_lib :  ITTAPI function not implemented: __itt_task_begin_fn_ex
18096 : 0x5ab518d316c : 2 : ittapi_config_apply_per_lib :  ITTAPI function not implemented: __itt_task_end_ex
18096 : 0x5ab518d3185 : 2 : ittapi_config_apply_per_lib :  ITTAPI function instrumented: __itt_task_begin_overlapped
18096 : 0x5ab518d31fe : 2 : ittapi_config_apply_per_lib :  ITTAPI function not implemented: __itt_task_begin_overlapped_ex
18096 : 0x5ab518d3218 : 2 : ittapi_config_apply_per_lib :  ITTAPI function instrumented: __itt_task_end_overlapped
18096 : 0x5ab518d3231 : 2 : ittapi_config_apply_per_lib :  ITTAPI function not implemented: __itt_task_end_overlapped_ex
18096 : 0x5ab518d324b : 2 : ittapi_config_apply_per_lib :  ITTAPI function not implemented: __itt_marker_ex
18096 : 0x5ab518d3265 : 2 : ittapi_config_apply_per_lib :  ITTAPI function not implemented: __itt_metadata_add_with_scope
18096 : 0x5ab518d327f : 2 : ittapi_config_apply_per_lib :  ITTAPI function not implemented: __itt_metadata_str_add_with_scopeA
18096 : 0x5ab518d3299 : 2 : ittapi_config_apply_per_lib :  ITTAPI function not implemented: __itt_metadata_str_add_with_scopeW
18096 : 0x5ab518d32b2 : 2 : ittapi_config_apply_per_lib :  ITTAPI function not implemented: __itt_relation_add_to_current_ex
18096 : 0x5ab518d32cd : 2 : ittapi_config_apply_per_lib :  ITTAPI function not implemented: __itt_relation_add_ex
18096 : 0x5ab518d32e5 : 2 : ittapi_config_apply_per_lib :  ITTAPI function not implemented: __itt_track_group_create
18096 : 0x5ab518d334c : 2 : ittapi_config_apply_per_lib :  ITTAPI function not implemented: __itt_track_create
18096 : 0x5ab518d3366 : 2 : ittapi_config_apply_per_lib :  ITTAPI function not implemented: __itt_set_track
18096 : 0x5ab518d337f : 2 : ittapi_config_apply_per_lib :  ITTAPI function instrumented: __itt_api_version
18096 : 0x5ab518d3397 : 2 : ittapi_config_apply_per_lib :  ITTAPI function not implemented: __itt_av_saveA
18096 : 0x5ab518d33b0 : 2 : ittapi_config_apply_per_lib :  ITTAPI function not implemented: __itt_av_saveW
18096 : 0x5ab518d33ca : 2 : ittapi_config_apply_per_lib :  ITTAPI function instrumented: __itt_module_loadA
18096 : 0x5ab518d33e2 : 2 : ittapi_config_apply_per_lib :  ITTAPI function instrumented: __itt_module_loadW
18096 : 0x5ab518d33fb : 2 : ittapi_config_apply_per_lib :  ITTAPI function not implemented: __itt_module_unload