103 [11364] INFO perfrun.launcher <> - Launcher main begin
113 [11364] INFO perfrun.launcher <> - MessageCatalogInit finished
114 [11364] INFO perfrun.launcher <> - Launcher instance created
114 [11364] INFO perfrun.launcher <> - argc = 7; cmdline = C:\Program Files (x86)\Intel\oneAPI\advisor\latest\bin64\advixe-runss.exe --ui-output-format xml --ui-output-fd 5368 --option-file C:\Users\kovko\source\repos\QR-decomposition_no_tests\e000\hs004\config\runss.options 
134 [11364] INFO perfrun.launcher <> - New signal handler callback was added
358 [11364] INFO perfrun.launcher <> - create msngr2::ICliToolContext
361 [11364] INFO perfrun.launcher <> - create file finder object
361 [11364] INFO perfrun.launcher <> - create a result directory: pattern = C:\Users\kovko\source\repos\QR-decomposition_no_tests\e000\hs004 pid = 4294967295
369 [11364] INFO perfrun.launcher <> - create data directory = C:\Users\kovko\source\repos\QR-decomposition_no_tests\e000\hs004\data.0
370 [11364] INFO perfrun.launcher <> - Creating the master collection flag
376 [11364] INFO perfrun.launcher <> - Done creating the master collection flag
376 [23196] INFO perfrun.launcher <> - plugin [remoteplug] was disabled because it doesn't support the given collection type.
378 [23196] INFO perfrun.sdk <> - Allocating TMU :C:\Users\kovko\source\repos\QR-decomposition_no_tests\e000\hs004\data.0\systemcollector-16896-WIN-V9OTMTOJA68.sc
379 [23196] INFO perfrun.launcher <> - plugin [] was disabled because it doesn't support the given collection type.
386 [23196] INFO perfrun.launcher <> - plugin [] was disabled because it doesn't support the given collection type.
386 [23196] INFO perfrun.launcher <> - plugin [gpu] was disabled because it doesn't support the given collection type.
386 [23196] INFO perfrun.launcher <> - plugin [] was disabled because it doesn't support the given collection type.
386 [23196] INFO perfrun.launcher <> - plugin [] was disabled because it doesn't support the given collection type.
386 [23196] INFO perfrun.launcher <> - plugin [] was disabled because it doesn't support the given collection type.
386 [23196] INFO perfrun.mrte <> - system-wide mode is 0
387 [23196] INFO perfrun.mrte <> - Getting  mrte profiling environment ...
440 [23196] INFO perfrun.mrte <> - INTEL_MRTE_DATA_DIR=C:\Users\kovko\source\repos\QR-decomposition_no_tests\e000\hs004\data.0
440 [23196] INFO perfrun.mrte <> - INTEL_MRTE_HOST_NAME=WIN-V9OTMTOJA68
440 [23196] INFO perfrun.mrte <> - JAVA_TOOL_OPTIONS=-agentlib:advixe_tpssmrte_javaprof_1.0
440 [23196] INFO perfrun.mrte <> - PATH=C:\Program Files (x86)\Intel\oneAPI\advisor\latest\bin32\runtime;C:\Program Files (x86)\Intel\oneAPI\advisor\latest\bin64\runtime;C:\\Program Files (x86)\\Intel\\oneAPI\\compiler\\2023.2.0\\windows\\redist\\intel64_win\\compiler;C:\\Program Files (x86)\\Intel\\oneAPI\\compiler\\2023.2.0\\windows\\bin;C:\\Program Files (x86)\\Intel\\oneAPI\\mkl\\2023.2.0\\redist\\intel64;C:\Program Files (x86)\Intel\oneAPI\tbb\latest\env\..\redist\intel64\vc14;C:\Program Files (x86)\Intel\oneAPI\mkl\latest\redist\intel64;C:\Program Files (x86)\Intel\oneAPI\mkl\latest\bin\intel64;C:\Program Files (x86)\Intel\oneAPI\ippcp\latest\redist\intel64;C:\Program Files (x86)\Intel\oneAPI\ipp\latest\redist\intel64;C:\Program Files (x86)\Intel\oneAPI\dpcpp-ct\latest\env\..\bin;C:\Program Files (x86)\Intel\oneAPI\dnnl\latest\env\..\cpu_dpcpp_gpu_dpcpp\bin;C:\Program Files (x86)\Intel\oneAPI\dev-utilities\latest\bin;C:\Program Files (x86)\Intel\oneAPI\debugger\latest\env\\..\gdb\intel64\bin;C:\Program Files (x86)\Intel\oneAPI\dal\latest\redist\intel64;C:\Program Files (x86)\Intel\oneAPI\compiler\latest\windows\bin;C:\Program Files (x86)\Intel\oneAPI\compiler\latest\windows\lib;C:\Program Files (x86)\Intel\oneAPI\compiler\latest\windows\bin\intel64;C:\Program Files (x86)\Intel\oneAPI\compiler\latest\windows\redist\intel64_win\compiler;C:\Program Files (x86)\Intel\oneAPI\compiler\latest\windows\lib\oclfpga\host\windows64\bin;C:\Program Files (x86)\Intel\oneAPI\compiler\latest\windows\lib\oclfpga\bin;C:\Program Files\Microsoft Visual Studio\2022\Community\VC\Tools\MSVC\14.38.33130\bin\HostX64\x64;C:\Program Files\Microsoft Visual Studio\2022\Community\Common7\IDE\VC\VCPackages;C:\Program Files\Microsoft Visual Studio\2022\Community\Common7\IDE\CommonExtensions\Microsoft\TestWindow;C:\Program Files\Microsoft Visual Studio\2022\Community\Common7\IDE\CommonExtensions\Microsoft\TeamFoundation\Team Explorer;C:\Program Files\Microsoft Visual Studio\2022\Community\MSBuild\Current\bin\Roslyn;C:\Program Files\Microsoft Visual Studio\2022\Community\Team Tools\Performance Tools\x64;C:\Program Files\Microsoft Visual Studio\2022\Community\Team Tools\Performance Tools;C:\Program Files\Microsoft Visual Studio\2022\Community\Team Tools\DiagnosticsHub\Collector;C:\Program Files (x86)\Windows Kits\10\bin\10.0.22621.0\\x64;C:\Program Files (x86)\Windows Kits\10\bin\\x64;C:\Program Files\Microsoft Visual Studio\2022\Community\\MSBuild\Current\Bin\amd64;C:\Windows\Microsoft.NET\Framework64\v4.0.30319;C:\Program Files\Microsoft Visual Studio\2022\Community\Common7\IDE\;C:\Program Files\Microsoft Visual Studio\2022\Community\Common7\Tools\;C:\Program Files (x86)\Intel\oneAPI\tbb\latest\redist\intel64\vc_mt\;C:\Program Files (x86)\Intel\oneAPI\tbb\latest\redist\ia32\vc_mt\;C:\Program Files (x86)\Intel\oneAPI\compiler\latest\windows\redist\intel64_win\compiler;C:\Program Files (x86)\Intel\oneAPI\compiler\latest\windows\redist\ia32_win\compiler;C:\WINDOWS\system32;C:\WINDOWS;C:\WINDOWS\System32\Wbem;C:\WINDOWS\System32\WindowsPowerShell\v1.0\;C:\WINDOWS\System32\OpenSSH\;C:\Program Files (x86)\Windows Kits\10\Windows Performance Toolkit\;C:\Users\kovko\AppData\Local\Microsoft\WindowsApps;C:\Users\kovko\AppData\Local\GitHubDesktop\bin;C:\Program Files\Microsoft Visual Studio\2022\Community\Common7\IDE\CommonExtensions\Microsoft\CMake\CMake\bin;C:\Program Files\Microsoft Visual Studio\2022\Community\Common7\IDE\CommonExtensions\Microsoft\CMake\Ninja;C:\Program Files\Microsoft Visual Studio\2022\Community\Common7\IDE\VC\Linux\bin\ConnectionManagerExe;C:\Program Files\Microsoft Visual Studio\2022\Community\VC\vcpkg;C:\Program Files (x86)\Intel\oneAPI\advisor\latest\bin64;C:\Program Files (x86)\Intel\oneAPI\compiler\latest\windows\lib\ocloc;C:\Program Files (x86)\Intel\oneAPI\inspector\2024.0\bin64;C:\Program Files (x86)\Intel\oneAPI\vtune\latest\bin64
441 [23196] INFO perfrun.mrte <> - COR_ENABLE_PROFILING=1
441 [23196] INFO perfrun.mrte <> - COR_PROFILER={10337B79-F6CD-4df9-8D18-26A67272096B}
441 [23196] INFO perfrun.mrte <> - COMPLUS_ProfAPI_ProfilerCompatibilitySetting=EnableV2Profiler
441 [23196] INFO perfrun.mrte <> - CORECLR_ENABLE_PROFILING=1
441 [23196] INFO perfrun.mrte <> - CORECLR_PROFILER={10337B79-F6CD-4df9-8D18-26A67272096B}
441 [23196] INFO perfrun.mrte <> - CORECLR_PROFILER_PATH=C:\Program Files (x86)\Intel\oneAPI\advisor\latest\bin64/advixe_samplingmrte_clrprof_1.0.dll
441 [23196] INFO perfrun.mrte <> - INTEL_MRTE_PROFILER_MODE=mixed
441 [23196] INFO perfrun.mrte <> - Data directory: C:\Users\kovko\source\repos\QR-decomposition_no_tests\e000\hs004\data.0
441 [23196] INFO perfrun.mrte <> - Mrte plugin is initialized
441 [23196] INFO perfrun.launcher <> - plugin [] was disabled because it doesn't support the given collection type.
441 [23196] INFO perfrun.launcher <> - plugin [] was disabled because it doesn't support the given collection type.
441 [23196] INFO perfrun.launcher <> - plugin [] was disabled because it doesn't support the given collection type.
441 [23196] INFO perfrun.launcher <> - plugin [] was disabled because it doesn't support the given collection type.
441 [23196] INFO perfrun.launcher <> - plugin [] was disabled because it doesn't support the given collection type.
441 [23196] INFO perfrun.launcher <> - plugin [] was disabled because it doesn't support the given collection type.
441 [23196] INFO perfrun.launcher <> - plugin [] was disabled because it doesn't support the given collection type.
441 [23196] INFO perfrun.tpss <> - initialize tpss controller
441 [23196] INFO perfrun.tpss <> - configure collection mode: value = cpu:stack
442 [23196] INFO perfrun.tpss <> - default obj-size-min=1024
442 [23196] INFO perfrun.tpss <> - default hash-table-size=0
442 [23196] INFO perfrun.launcher <> - plugin [] was disabled because it doesn't support the given collection type.
442 [23196] INFO perfrun.launcher <> - plugin [] was disabled because it doesn't support the given collection type.
442 [23196] INFO perfrun.launcher <> - plugin [] was disabled because it doesn't support the given collection type.
442 [23196] INFO perfrun.launcher <> - plugin [] was disabled because it doesn't support the given collection type.
442 [23196] INFO perfrun.launcher <> - plugin [] was disabled because it doesn't support the given collection type.
442 [23196] INFO perfrun.launcher <> - plugin [] was disabled because it doesn't support the given collection type.
442 [23196] INFO perfrun.launcher <> - plugin [] was disabled because it doesn't support the given collection type.
442 [23196] INFO perfrun.launcher <> - plugin [] was disabled because it doesn't support the given collection type.
442 [23196] INFO perfrun.launcher <> - plugin [] was disabled because it doesn't support the given collection type.
443 [11364] INFO perfrun.launcher <> - set environment variable: PATH = C:\Program Files (x86)\Intel\oneAPI\advisor\latest\bin32\runtime;C:\Program Files (x86)\Intel\oneAPI\advisor\latest\bin64\runtime;C:\\Program Files (x86)\\Intel\\oneAPI\\compiler\\2023.2.0\\windows\\redist\\intel64_win\\compiler;C:\\Program Files (x86)\\Intel\\oneAPI\\compiler\\2023.2.0\\windows\\bin;C:\\Program Files (x86)\\Intel\\oneAPI\\mkl\\2023.2.0\\redist\\intel64;C:\Program Files (x86)\Intel\oneAPI\tbb\latest\env\..\redist\intel64\vc14;C:\Program Files (x86)\Intel\oneAPI\mkl\latest\redist\intel64;C:\Program Files (x86)\Intel\oneAPI\mkl\latest\bin\intel64;C:\Program Files (x86)\Intel\oneAPI\ippcp\latest\redist\intel64;C:\Program Files (x86)\Intel\oneAPI\ipp\latest\redist\intel64;C:\Program Files (x86)\Intel\oneAPI\dpcpp-ct\latest\env\..\bin;C:\Program Files (x86)\Intel\oneAPI\dnnl\latest\env\..\cpu_dpcpp_gpu_dpcpp\bin;C:\Program Files (x86)\Intel\oneAPI\dev-utilities\latest\bin;C:\Program Files (x86)\Intel\oneAPI\debugger\latest\env\\..\gdb\intel64\bin;C:\Program Files (x86)\Intel\oneAPI\dal\latest\redist\intel64;C:\Program Files (x86)\Intel\oneAPI\compiler\latest\windows\bin;C:\Program Files (x86)\Intel\oneAPI\compiler\latest\windows\lib;C:\Program Files (x86)\Intel\oneAPI\compiler\latest\windows\bin\intel64;C:\Program Files (x86)\Intel\oneAPI\compiler\latest\windows\redist\intel64_win\compiler;C:\Program Files (x86)\Intel\oneAPI\compiler\latest\windows\lib\oclfpga\host\windows64\bin;C:\Program Files (x86)\Intel\oneAPI\compiler\latest\windows\lib\oclfpga\bin;C:\Program Files\Microsoft Visual Studio\2022\Community\VC\Tools\MSVC\14.38.33130\bin\HostX64\x64;C:\Program Files\Microsoft Visual Studio\2022\Community\Common7\IDE\VC\VCPackages;C:\Program Files\Microsoft Visual Studio\2022\Community\Common7\IDE\CommonExtensions\Microsoft\TestWindow;C:\Program Files\Microsoft Visual Studio\2022\Community\Common7\IDE\CommonExtensions\Microsoft\TeamFoundation\Team Explorer;C:\Program Files\Microsoft Visual Studio\2022\Community\MSBuild\Current\bin\Roslyn;C:\Program Files\Microsoft Visual Studio\2022\Community\Team Tools\Performance Tools\x64;C:\Program Files\Microsoft Visual Studio\2022\Community\Team Tools\Performance Tools;C:\Program Files\Microsoft Visual Studio\2022\Community\Team Tools\DiagnosticsHub\Collector;C:\Program Files (x86)\Windows Kits\10\bin\10.0.22621.0\\x64;C:\Program Files (x86)\Windows Kits\10\bin\\x64;C:\Program Files\Microsoft Visual Studio\2022\Community\\MSBuild\Current\Bin\amd64;C:\Windows\Microsoft.NET\Framework64\v4.0.30319;C:\Program Files\Microsoft Visual Studio\2022\Community\Common7\IDE\;C:\Program Files\Microsoft Visual Studio\2022\Community\Common7\Tools\;C:\Program Files (x86)\Intel\oneAPI\tbb\latest\redist\intel64\vc_mt\;C:\Program Files (x86)\Intel\oneAPI\tbb\latest\redist\ia32\vc_mt\;C:\Program Files (x86)\Intel\oneAPI\compiler\latest\windows\redist\intel64_win\compiler;C:\Program Files (x86)\Intel\oneAPI\compiler\latest\windows\redist\ia32_win\compiler;C:\WINDOWS\system32;C:\WINDOWS;C:\WINDOWS\System32\Wbem;C:\WINDOWS\System32\WindowsPowerShell\v1.0\;C:\WINDOWS\System32\OpenSSH\;C:\Program Files (x86)\Windows Kits\10\Windows Performance Toolkit\;C:\Users\kovko\AppData\Local\Microsoft\WindowsApps;C:\Users\kovko\AppData\Local\GitHubDesktop\bin;C:\Program Files\Microsoft Visual Studio\2022\Community\Common7\IDE\CommonExtensions\Microsoft\CMake\CMake\bin;C:\Program Files\Microsoft Visual Studio\2022\Community\Common7\IDE\CommonExtensions\Microsoft\CMake\Ninja;C:\Program Files\Microsoft Visual Studio\2022\Community\Common7\IDE\VC\Linux\bin\ConnectionManagerExe;C:\Program Files\Microsoft Visual Studio\2022\Community\VC\vcpkg;C:\Program Files (x86)\Intel\oneAPI\advisor\latest\bin64;C:\Program Files (x86)\Intel\oneAPI\compiler\latest\windows\lib\ocloc;C:\Program Files (x86)\Intel\oneAPI\inspector\2024.0\bin64;C:\Program Files (x86)\Intel\oneAPI\vtune\latest\bin64
444 [11364] INFO perfrun.launcher <> - set environment variable: INTEL_LIBITTNOTIFY32 = C:\Program Files (x86)\Intel\oneAPI\advisor\latest\bin32\runtime\ittnotify_collector.dll
444 [11364] INFO perfrun.launcher <> - set environment variable: INTEL_LIBITTNOTIFY64 = C:\Program Files (x86)\Intel\oneAPI\advisor\latest\bin64\runtime\ittnotify_collector.dll
444 [11364] INFO perfrun.launcher <> - set environment variable: INTEL_ITTNOTIFY_GROUPS = 
444 [11364] INFO perfrun.launcher <> - set environment variable: INTEL_JIT_PROFILER32 = C:\Program Files (x86)\Intel\oneAPI\advisor\latest\bin32\runtime\ittnotify_collector.dll
445 [11364] INFO perfrun.launcher <> - set environment variable: INTEL_JIT_PROFILER64 = C:\Program Files (x86)\Intel\oneAPI\advisor\latest\bin64\runtime\ittnotify_collector.dll
445 [11364] INFO perfrun.launcher <> - set environment variable: ENABLE_JITPROFILING = 1
445 [11364] INFO perfrun.launcher <> - set environment variable: CL_CONFIG_USE_VTUNE = True
445 [11364] INFO perfrun.launcher <> - set environment variable: KMP_FORKJOIN_FRAMES = 0
446 [11364] INFO perfrun.launcher <> - set environment variable: KMP_FORKJOIN_FRAMES_MODE = 0
446 [11364] INFO perfrun.launcher <> - set environment variable: INTEL_MRTE_DATA_DIR = C:\Users\kovko\source\repos\QR-decomposition_no_tests\e000\hs004\data.0
446 [11364] INFO perfrun.launcher <> - set environment variable: INTEL_MRTE_HOST_NAME = WIN-V9OTMTOJA68
446 [11364] INFO perfrun.launcher <> - set environment variable: JAVA_TOOL_OPTIONS = -agentlib:advixe_tpssmrte_javaprof_1.0
447 [11364] INFO perfrun.launcher <> - set environment variable: PATH = C:\Program Files (x86)\Intel\oneAPI\advisor\latest\bin32\runtime;C:\Program Files (x86)\Intel\oneAPI\advisor\latest\bin64\runtime;C:\\Program Files (x86)\\Intel\\oneAPI\\compiler\\2023.2.0\\windows\\redist\\intel64_win\\compiler;C:\\Program Files (x86)\\Intel\\oneAPI\\compiler\\2023.2.0\\windows\\bin;C:\\Program Files (x86)\\Intel\\oneAPI\\mkl\\2023.2.0\\redist\\intel64;C:\Program Files (x86)\Intel\oneAPI\tbb\latest\env\..\redist\intel64\vc14;C:\Program Files (x86)\Intel\oneAPI\mkl\latest\redist\intel64;C:\Program Files (x86)\Intel\oneAPI\mkl\latest\bin\intel64;C:\Program Files (x86)\Intel\oneAPI\ippcp\latest\redist\intel64;C:\Program Files (x86)\Intel\oneAPI\ipp\latest\redist\intel64;C:\Program Files (x86)\Intel\oneAPI\dpcpp-ct\latest\env\..\bin;C:\Program Files (x86)\Intel\oneAPI\dnnl\latest\env\..\cpu_dpcpp_gpu_dpcpp\bin;C:\Program Files (x86)\Intel\oneAPI\dev-utilities\latest\bin;C:\Program Files (x86)\Intel\oneAPI\debugger\latest\env\\..\gdb\intel64\bin;C:\Program Files (x86)\Intel\oneAPI\dal\latest\redist\intel64;C:\Program Files (x86)\Intel\oneAPI\compiler\latest\windows\bin;C:\Program Files (x86)\Intel\oneAPI\compiler\latest\windows\lib;C:\Program Files (x86)\Intel\oneAPI\compiler\latest\windows\bin\intel64;C:\Program Files (x86)\Intel\oneAPI\compiler\latest\windows\redist\intel64_win\compiler;C:\Program Files (x86)\Intel\oneAPI\compiler\latest\windows\lib\oclfpga\host\windows64\bin;C:\Program Files (x86)\Intel\oneAPI\compiler\latest\windows\lib\oclfpga\bin;C:\Program Files\Microsoft Visual Studio\2022\Community\VC\Tools\MSVC\14.38.33130\bin\HostX64\x64;C:\Program Files\Microsoft Visual Studio\2022\Community\Common7\IDE\VC\VCPackages;C:\Program Files\Microsoft Visual Studio\2022\Community\Common7\IDE\CommonExtensions\Microsoft\TestWindow;C:\Program Files\Microsoft Visual Studio\2022\Community\Common7\IDE\CommonExtensions\Microsoft\TeamFoundation\Team Explorer;C:\Program Files\Microsoft Visual Studio\2022\Community\MSBuild\Current\bin\Roslyn;C:\Program Files\Microsoft Visual Studio\2022\Community\Team Tools\Performance Tools\x64;C:\Program Files\Microsoft Visual Studio\2022\Community\Team Tools\Performance Tools;C:\Program Files\Microsoft Visual Studio\2022\Community\Team Tools\DiagnosticsHub\Collector;C:\Program Files (x86)\Windows Kits\10\bin\10.0.22621.0\\x64;C:\Program Files (x86)\Windows Kits\10\bin\\x64;C:\Program Files\Microsoft Visual Studio\2022\Community\\MSBuild\Current\Bin\amd64;C:\Windows\Microsoft.NET\Framework64\v4.0.30319;C:\Program Files\Microsoft Visual Studio\2022\Community\Common7\IDE\;C:\Program Files\Microsoft Visual Studio\2022\Community\Common7\Tools\;C:\Program Files (x86)\Intel\oneAPI\tbb\latest\redist\intel64\vc_mt\;C:\Program Files (x86)\Intel\oneAPI\tbb\latest\redist\ia32\vc_mt\;C:\Program Files (x86)\Intel\oneAPI\compiler\latest\windows\redist\intel64_win\compiler;C:\Program Files (x86)\Intel\oneAPI\compiler\latest\windows\redist\ia32_win\compiler;C:\WINDOWS\system32;C:\WINDOWS;C:\WINDOWS\System32\Wbem;C:\WINDOWS\System32\WindowsPowerShell\v1.0\;C:\WINDOWS\System32\OpenSSH\;C:\Program Files (x86)\Windows Kits\10\Windows Performance Toolkit\;C:\Users\kovko\AppData\Local\Microsoft\WindowsApps;C:\Users\kovko\AppData\Local\GitHubDesktop\bin;C:\Program Files\Microsoft Visual Studio\2022\Community\Common7\IDE\CommonExtensions\Microsoft\CMake\CMake\bin;C:\Program Files\Microsoft Visual Studio\2022\Community\Common7\IDE\CommonExtensions\Microsoft\CMake\Ninja;C:\Program Files\Microsoft Visual Studio\2022\Community\Common7\IDE\VC\Linux\bin\ConnectionManagerExe;C:\Program Files\Microsoft Visual Studio\2022\Community\VC\vcpkg;C:\Program Files (x86)\Intel\oneAPI\advisor\latest\bin64;C:\Program Files (x86)\Intel\oneAPI\compiler\latest\windows\lib\ocloc;C:\Program Files (x86)\Intel\oneAPI\inspector\2024.0\bin64;C:\Program Files (x86)\Intel\oneAPI\vtune\latest\bin64
447 [11364] INFO perfrun.launcher <> - set environment variable: COR_ENABLE_PROFILING = 1
448 [11364] INFO perfrun.launcher <> - set environment variable: COR_PROFILER = {10337B79-F6CD-4df9-8D18-26A67272096B}
448 [11364] INFO perfrun.launcher <> - set environment variable: COMPLUS_ProfAPI_ProfilerCompatibilitySetting = EnableV2Profiler
448 [11364] INFO perfrun.launcher <> - set environment variable: CORECLR_ENABLE_PROFILING = 1
449 [11364] INFO perfrun.launcher <> - set environment variable: CORECLR_PROFILER = {10337B79-F6CD-4df9-8D18-26A67272096B}
449 [11364] INFO perfrun.launcher <> - set environment variable: CORECLR_PROFILER_PATH = C:\Program Files (x86)\Intel\oneAPI\advisor\latest\bin64/advixe_samplingmrte_clrprof_1.0.dll
449 [11364] INFO perfrun.launcher <> - set environment variable: INTEL_MRTE_PROFILER_MODE = mixed
449 [11364] INFO perfrun.launcher <> - RpcServer: run RPC server to handle requests
462 [11364] INFO perfrun.sdk <> - IProcessUtil: the given executable 'C:\\Users\\kovko\\source\\repos\\QR-decomposition_no_tests\\x64\\Release\\QR_decomposition.exe' is valid.
462 [11364] INFO perfrun.launcher <> - Launcher: command line to start before modification = C:\\Users\\kovko\\source\\repos\\QR-decomposition_no_tests\\x64\\Release\\QR_decomposition.exe
469 [11364] INFO perfrun.launcher <> - Launcher: command line to start after modification = C:\Program Files (x86)\Intel\oneAPI\advisor\2023.2.0\bin64\pin.exe -error_file C:\Users\kovko\source\repos\QR-decomposition_no_tests\e000\hs004\data.0\pinerr.tpsslog -detach_reattach -probe -follow_execv -p32 C:\Program Files (x86)\Intel\oneAPI\advisor\latest\bin32\pin.exe -p64 C:\Program Files (x86)\Intel\oneAPI\advisor\latest\bin64\pin.exe -t64 C:\Program Files (x86)\Intel\oneAPI\advisor\latest\bin64\tpsstool.dll -t C:\Program Files (x86)\Intel\oneAPI\advisor\latest\bin32\tpsstool.dll -server_name tpss_ipc.16896 -prd_dir C:\Program Files (x86)\Intel\oneAPI\advisor\2023.2.0 -- C:\\Users\\kovko\\source\\repos\\QR-decomposition_no_tests\\x64\\Release\\QR_decomposition.exe
469 [11364] INFO perfrun.launcher <> - ProcessCreator object was created
473 [11364] INFO perfrun.launcher <> - Launcher: the process was started in suspend mode
474 [23196] INFO perfrun.itt <> - start itt controller for pid #4564
475 [23196] INFO perfrun.tpss <> - start tpss controller for pid #4564
527 [11364] INFO perfrun.launcher <> - Launcher: all plugins were started
527 [11364] INFO perfrun.launcher <> - DirectoryMonitor object was created
527 [11364] INFO perfrun.launcher <> - DirectoryMonitor: a callback was added
527 [11364] INFO perfrun.launcher <> - DirectoryMonitor was started with pingTime = 1000
528 [11364] INFO perfrun.launcher <> - DeadlineTimer is going to be constructed
528 [11364] INFO perfrun.launcher <> - DeadlineTimer: a callback was added
534 [11364] INFO perfrun.launcher <> - Launcher: resume the profiled application and  wait its termination or stop command
12165 [11364] INFO perfrun.launcher <> - Launcher: the profiled application was terminated  with exit code = 0
12246 [23196] INFO perfrun.itt <> - detach itt controller
12246 [23196] INFO perfrun.itt <> - detach itt controller done
12246 [23196] INFO perfrun.tpss <> - stop tpss controller
12257 [23196] INFO perfrun.sdk <> - De-allocating TMU: C:\Users\kovko\source\repos\QR-decomposition_no_tests\e000\hs004\data.0\systemcollector-16896-WIN-V9OTMTOJA68.sc
12277 [23196] INFO perfrun.system <> - closed the system trace file: C:\Users\kovko\source\repos\QR-decomposition_no_tests\e000\hs004\data.0\systemcollector-16896-WIN-V9OTMTOJA68.sc
12277 [11364] INFO perfrun.launcher <> - Launcher: all plugins were stopped.
12277 [11364] INFO perfrun.launcher <> - DeadlineTimer is going to be destroyed
12277 [11364] INFO perfrun.launcher <> - DeadlineTimer was destroyed
12278 [11364] INFO perfrun.launcher <> - DirectoryMonitor object was destroyed
12278 [11364] WARN perfrun.launcher <> - Stop command is ignored because it is received when collection is already stopped, at file: vcs\perfrun1\launcher\src\command_handler.cpp:226
12283 [11364] INFO perfrun.launcher <> - Application exit code: 0
12284 [11364] INFO perfrun.launcher <> - Exit code: 0
