Collection status has changed. 1
Collection has been started.
Collection has stopped. Application exit code:  0
Finalizing results
Finalizing the result
Clearing the database
The database has been cleared, elapsed time is 0.524 seconds.
Loading raw data to the database
Loading 'systemcollector-16896-WIN-V9OTMTOJA68.sc' file
Loading '4564-7864.0.trace' file
Loading 'userapicollector-7864-518befb2.trace' file
Updating precomputed scalar metrics
Raw data has been loaded to the database, elapsed time is 2.252 seconds.
Processing profile metrics and debug information
Data transformations have been finished, elapsed time is 0.003 seconds.
Setting data model parameters
Resolving module symbols
Resolving information for `ntdll.dll'
Resolving information for `omptarget.dll'
Resolving information for `KERNEL32.DLL'
Resolving information for `KERNELBASE.dll'
Resolving information for `libiomp5md.dll'
Resolving information for `QR_decomposition.exe'
Warning: Cannot locate debugging information for file `C:\WINDOWS\SYSTEM32\ntdll.dll'.
Resolving information for `mkl_intel_thread.2.dll'
Resolving information for `mkl_avx2.2.dll'
Warning: Cannot locate debugging information for file `C:\WINDOWS\System32\KERNEL32.DLL'.
Resolving information for `VCRUNTIME140.dll'
Resolving information for `mkl_core.2.dll'
Warning: Cannot locate debugging information for file `C:\WINDOWS\System32\KERNELBASE.dll'.
Warning: Cannot locate debugging information for file `C:\WINDOWS\SYSTEM32\VCRUNTIME140.dll'.
Resolving information for `ucrtbase.dll'
Resolving information for `ittnotify_collector.dll'
Warning: Cannot locate debugging information for file `C:\WINDOWS\System32\ucrtbase.dll'.
Warning: Cannot locate debugging information for file `C:\Program Files (x86)\Intel\oneAPI\advisor\latest\bin64\runtime\ittnotify_collector.dll'.
Resolving information for dangling locations
Resolving information for `tpsstool.dll'
Warning: Cannot locate debugging information for file `C:\Program Files (x86)\Intel\oneAPI\advisor\latest\bin64\tpsstool.dll'.
Resolving bottom user stack information
Resolving thread name information
Resolving call target names for dynamic code
Symbol resolution has been finished, elapsed time is 21.115 seconds.
Processing profile metrics and debug information
Deferred data transformations have been finished, elapsed time is 0.016 seconds.
Setting data model parameters
Data model parameters have been set, elapsed time is 0.033 seconds.
Precomputing frequently used data
Precomputing frequently used data
Updating precomputed scalar metrics
Precomputing frequently used data has been finished, elapsed time is 0.197 seconds.
Discarding redundant overtime data
Saving the result
Redundant overtime data has been discarded, elapsed time is 0.004 seconds.
Raw collector data has been discarded, elapsed time is 0.000 seconds.
Finalizing the result took 24.614 seconds.
Preparing data for display of survey call tree
Resolving module symbols
Resolving bottom user stack information
Resolving thread name information
Resolving call target names for dynamic code
Precomputing frequently used data
